<?xml version="1.0" encoding="UTF-8"?>
<testsuite xmlns:xsi="http://www.w3.org/2001/XMLSchema-instance" xsi:noNamespaceSchemaLocation="https://maven.apache.org/surefire/maven-surefire-plugin/xsd/surefire-test-report.xsd" version="3.0.2" name="com.example.demo.ApplicationTests" time="4.39" tests="1" errors="0" skipped="0" failures="0">
  <properties>
[...]
</properties>
  <testcase name="contextLoads" classname="com.example.demo.ApplicationTests" time="0.322">
    <system-out><![CDATA[16:08:12.400 [main] INFO org.springframework.test.context.support.AnnotationConfigContextLoaderUtils -- Could not detect default configuration classes for test class [com.example.demo.ApplicationTests]: ApplicationTests does not declare any static, non-private, non-final, nested classes annotated with @Configuration.
16:08:12.492 [main] INFO org.springframework.boot.test.context.SpringBootTestContextBootstrapper -- Found @SpringBootConfiguration com.example.demo.Application for test class com.example.demo.ApplicationTests

  .   ____          _            __ _ _
 /\\ / ___'_ __ _ _(_)_ __  __ _ \ \ \ \
( ( )\___ | '_ | '_| | '_ \/ _` | \ \ \ \
 \\/  ___)| |_)| | | | | || (_| |  ) ) ) )
  '  |____| .__|_| |_|_| |_\__, | / / / /
 =========|_|==============|___/=/_/_/_/

 :: Spring Boot ::                (v3.4.2)

2025-02-26T16:08:12.848-08:00  INFO 16756 --- [demo] [           main] com.example.demo.ApplicationTests        : Starting ApplicationTests using Java 17.0.14 with PID 16756 (started by justi in C:\Users\justi\Downloads\Programming\Spring Boot\ToDo - Spring Boot\backend)
2025-02-26T16:08:12.850-08:00  INFO 16756 --- [demo] [           main] com.example.demo.ApplicationTests        : No active profile set, falling back to 1 default profile: "default"
2025-02-26T16:08:13.356-08:00  INFO 16756 --- [demo] [           main] .s.d.r.c.RepositoryConfigurationDelegate : Bootstrapping Spring Data JPA repositories in DEFAULT mode.
2025-02-26T16:08:13.410-08:00  INFO 16756 --- [demo] [           main] .s.d.r.c.RepositoryConfigurationDelegate : Finished Spring Data repository scanning in 44 ms. Found 1 JPA repository interface.
2025-02-26T16:08:13.823-08:00  INFO 16756 --- [demo] [           main] o.hibernate.jpa.internal.util.LogHelper  : HHH000204: Processing PersistenceUnitInfo [name: default]
2025-02-26T16:08:13.886-08:00  INFO 16756 --- [demo] [           main] org.hibernate.Version                    : HHH000412: Hibernate ORM core version 6.6.5.Final
2025-02-26T16:08:13.917-08:00  INFO 16756 --- [demo] [           main] o.h.c.internal.RegionFactoryInitiator    : HHH000026: Second-level cache disabled
2025-02-26T16:08:14.204-08:00  INFO 16756 --- [demo] [           main] o.s.o.j.p.SpringPersistenceUnitInfo      : No LoadTimeWeaver setup: ignoring JPA class transformer
2025-02-26T16:08:14.234-08:00  INFO 16756 --- [demo] [           main] com.zaxxer.hikari.HikariDataSource       : HikariPool-1 - Starting...
2025-02-26T16:08:14.423-08:00  INFO 16756 --- [demo] [           main] com.zaxxer.hikari.pool.HikariPool        : HikariPool-1 - Added connection org.postgresql.jdbc.PgConnection@3321291a
2025-02-26T16:08:14.425-08:00  INFO 16756 --- [demo] [           main] com.zaxxer.hikari.HikariDataSource       : HikariPool-1 - Start completed.
2025-02-26T16:08:14.466-08:00  WARN 16756 --- [demo] [           main] org.hibernate.orm.deprecation            : HHH90000025: PostgreSQLDialect does not need to be specified explicitly using 'hibernate.dialect' (remove the property setting and it will be selected by default)
2025-02-26T16:08:14.486-08:00  INFO 16756 --- [demo] [           main] org.hibernate.orm.connections.pooling    : HHH10001005: Database info:
	Database JDBC URL [Connecting through datasource 'HikariDataSource (HikariPool-1)']
	Database driver: undefined/unknown
	Database version: 17.2
	Autocommit mode: undefined/unknown
	Isolation level: undefined/unknown
	Minimum pool size: undefined/unknown
	Maximum pool size: undefined/unknown
2025-02-26T16:08:15.182-08:00  INFO 16756 --- [demo] [           main] o.h.e.t.j.p.i.JtaPlatformInitiator       : HHH000489: No JTA platform available (set 'hibernate.transaction.jta.platform' to enable JTA platform integration)
2025-02-26T16:08:15.228-08:00  INFO 16756 --- [demo] [           main] j.LocalContainerEntityManagerFactoryBean : Initialized JPA EntityManagerFactory for persistence unit 'default'
2025-02-26T16:08:15.754-08:00  WARN 16756 --- [demo] [           main] JpaBaseConfiguration$JpaWebConfiguration : spring.jpa.open-in-view is enabled by default. Therefore, database queries may be performed during view rendering. Explicitly configure spring.jpa.open-in-view to disable this warning
2025-02-26T16:08:16.302-08:00  INFO 16756 --- [demo] [           main] o.s.m.s.b.SimpleBrokerMessageHandler     : Starting...
2025-02-26T16:08:16.303-08:00  INFO 16756 --- [demo] [           main] o.s.m.s.b.SimpleBrokerMessageHandler     : BrokerAvailabilityEvent[available=true, SimpleBrokerMessageHandler [org.springframework.messaging.simp.broker.DefaultSubscriptionRegistry@6d911985]]
2025-02-26T16:08:16.304-08:00  INFO 16756 --- [demo] [           main] o.s.m.s.b.SimpleBrokerMessageHandler     : Started.
2025-02-26T16:08:16.312-08:00  INFO 16756 --- [demo] [           main] com.example.demo.ApplicationTests        : Started ApplicationTests in 3.681 seconds (process running for 4.459)
]]></system-out>
  </testcase>
</testsuite>